0 info it worked if it ends with ok
1 verbose cli [ '/usr/bin/node',
1 verbose cli   '/usr/bin/npm',
1 verbose cli   'install',
1 verbose cli   '-g',
1 verbose cli   'mongo-hacker' ]
2 info using npm@3.5.2
3 info using node@v8.10.0
4 silly loadCurrentTree Starting
5 silly install loadCurrentTree
6 silly install readGlobalPackageData
7 silly fetchPackageMetaData mongo-hacker
8 silly fetchNamedPackageData mongo-hacker
9 silly mapToRegistry name mongo-hacker
10 silly mapToRegistry using default registry
11 silly mapToRegistry registry https://registry.npmjs.org/
12 silly mapToRegistry uri https://registry.npmjs.org/mongo-hacker
13 verbose request uri https://registry.npmjs.org/mongo-hacker
14 verbose request no auth needed
15 info attempt registry request try #1 at 11:10:32 AM
16 verbose request id 9e39512d25e830e0
17 verbose etag W/"21c3a4e9618f765f859550f3df8d1f2c"
18 verbose lastModified Fri, 04 Jan 2019 20:21:46 GMT
19 http request GET https://registry.npmjs.org/mongo-hacker
20 http 304 https://registry.npmjs.org/mongo-hacker
21 verbose headers { date: 'Thu, 08 Aug 2019 04:10:32 GMT',
21 verbose headers   connection: 'keep-alive',
21 verbose headers   'set-cookie':
21 verbose headers    [ '__cfduid=d65f429d91a9b7702875fcab710f4537f1565237432; expires=Fri, 07-Aug-20 04:10:32 GMT; path=/; domain=.npmjs.org; HttpOnly' ],
21 verbose headers   'cf-cache-status': 'HIT',
21 verbose headers   'cache-control': 'max-age=300',
21 verbose headers   'cf-ray': '502ea4210d68d1f7-HKG',
21 verbose headers   age: '13',
21 verbose headers   etag: '"21c3a4e9618f765f859550f3df8d1f2c"',
21 verbose headers   'expect-ct': 'max-age=604800, report-uri="https://report-uri.cloudflare.com/cdn-cgi/beacon/expect-ct"',
21 verbose headers   'last-modified': 'Fri, 04 Jan 2019 20:21:46 GMT',
21 verbose headers   vary: 'accept-encoding, accept',
21 verbose headers   'x-amz-meta-rev': '26-c1fd75f27ca93195b72900bd93ca7e20',
21 verbose headers   server: 'cloudflare' }
22 silly get cb [ 304,
22 silly get   { date: 'Thu, 08 Aug 2019 04:10:32 GMT',
22 silly get     connection: 'keep-alive',
22 silly get     'set-cookie':
22 silly get      [ '__cfduid=d65f429d91a9b7702875fcab710f4537f1565237432; expires=Fri, 07-Aug-20 04:10:32 GMT; path=/; domain=.npmjs.org; HttpOnly' ],
22 silly get     'cf-cache-status': 'HIT',
22 silly get     'cache-control': 'max-age=300',
22 silly get     'cf-ray': '502ea4210d68d1f7-HKG',
22 silly get     age: '13',
22 silly get     etag: '"21c3a4e9618f765f859550f3df8d1f2c"',
22 silly get     'expect-ct': 'max-age=604800, report-uri="https://report-uri.cloudflare.com/cdn-cgi/beacon/expect-ct"',
22 silly get     'last-modified': 'Fri, 04 Jan 2019 20:21:46 GMT',
22 silly get     vary: 'accept-encoding, accept',
22 silly get     'x-amz-meta-rev': '26-c1fd75f27ca93195b72900bd93ca7e20',
22 silly get     server: 'cloudflare' } ]
23 verbose etag https://registry.npmjs.org/mongo-hacker from cache
24 verbose get saving mongo-hacker to /home/sparrow/.npm/registry.npmjs.org/mongo-hacker/.cache.json
25 silly install normalizeTree
26 silly loadCurrentTree Finishing
27 silly loadIdealTree Starting
28 silly install loadIdealTree
29 silly cloneCurrentTree Starting
30 silly install cloneCurrentTreeToIdealTree
31 silly cloneCurrentTree Finishing
32 silly loadShrinkwrap Starting
33 silly install loadShrinkwrap
34 silly loadShrinkwrap Finishing
35 silly loadAllDepsIntoIdealTree Starting
36 silly install loadAllDepsIntoIdealTree
37 silly resolveWithNewModule mongo-hacker@0.0.16 checking installable status
38 silly cache add args [ 'mongo-hacker', null ]
39 verbose cache add spec mongo-hacker
40 silly cache add parsed spec Result {
40 silly cache add   raw: 'mongo-hacker',
40 silly cache add   scope: null,
40 silly cache add   name: 'mongo-hacker',
40 silly cache add   rawSpec: '',
40 silly cache add   spec: 'latest',
40 silly cache add   type: 'tag' }
41 silly addNamed mongo-hacker@latest
42 verbose addNamed "latest" is being treated as a dist-tag for mongo-hacker
43 info addNameTag [ 'mongo-hacker', 'latest' ]
44 silly mapToRegistry name mongo-hacker
45 silly mapToRegistry using default registry
46 silly mapToRegistry registry https://registry.npmjs.org/
47 silly mapToRegistry uri https://registry.npmjs.org/mongo-hacker
48 verbose addNameTag registry:https://registry.npmjs.org/mongo-hacker not in flight; fetching
49 verbose get https://registry.npmjs.org/mongo-hacker not expired, no request
50 silly addNameTag next cb for mongo-hacker with tag latest
51 silly addNamed mongo-hacker@0.0.16
52 verbose addNamed "0.0.16" is a plain semver version for mongo-hacker
53 silly cache afterAdd mongo-hacker@0.0.16
54 verbose afterAdd /home/sparrow/.npm/mongo-hacker/0.0.16/package/package.json not in flight; writing
55 verbose afterAdd /home/sparrow/.npm/mongo-hacker/0.0.16/package/package.json written
56 silly loadAllDepsIntoIdealTree Finishing
57 silly idealTree:prePrune lib
57 silly idealTree:prePrune └── mongo-hacker@0.0.16
58 silly loadIdealTree Finishing
59 silly currentTree lib
60 silly idealTree lib
60 silly idealTree └── mongo-hacker@0.0.16
61 silly generateActionsToTake Starting
62 silly install generateActionsToTake
63 silly generateActionsToTake Finishing
64 silly diffTrees action count 1
65 silly diffTrees add mongo-hacker@0.0.16
66 silly decomposeActions action count 8
67 silly decomposeActions fetch mongo-hacker@0.0.16
68 silly decomposeActions extract mongo-hacker@0.0.16
69 silly decomposeActions test mongo-hacker@0.0.16
70 silly decomposeActions preinstall mongo-hacker@0.0.16
71 silly decomposeActions build mongo-hacker@0.0.16
72 silly decomposeActions install mongo-hacker@0.0.16
73 silly decomposeActions postinstall mongo-hacker@0.0.16
74 silly decomposeActions finalize mongo-hacker@0.0.16
75 silly executeActions Starting
76 silly install executeActions
77 silly doSerial global-install 0
78 silly doParallel fetch 1
79 verbose lock using /home/sparrow/.npm/_locks/staging-3a08f0df5026584d.lock for /usr/local/lib/node_modules/.staging
80 silly doParallel extract 1
81 silly extract mongo-hacker@0.0.16
82 verbose unbuild lib/node_modules/.staging/mongo-hacker-2e9869c3
83 silly gentlyRm /usr/local/lib/node_modules/.staging/mongo-hacker-2e9869c3 is being purged from base /usr/local
84 verbose gentlyRm don't care about contents; nuking /usr/local/lib/node_modules/.staging/mongo-hacker-2e9869c3
85 verbose tar unpack /home/sparrow/.npm/mongo-hacker/0.0.16/package.tgz
86 verbose tar unpacking to /usr/local/lib/node_modules/.staging/mongo-hacker-2e9869c3
87 silly gentlyRm /usr/local/lib/node_modules/.staging/mongo-hacker-2e9869c3 is being purged
88 verbose gentlyRm don't care about contents; nuking /usr/local/lib/node_modules/.staging/mongo-hacker-2e9869c3
89 silly gunzTarPerm modes [ '755', '644' ]
90 silly gunzTarPerm extractEntry package.json
91 silly gunzTarPerm extractEntry base.js
92 silly gunzTarPerm extractEntry config.js
93 silly gunzTarPerm extractEntry LICENSE
94 silly gunzTarPerm extractEntry Makefile
95 silly gunzTarPerm extractEntry README.md
96 silly gunzTarPerm extractEntry hacks/aggregation.js
97 silly gunzTarPerm extractEntry hacks/api.js
98 silly gunzTarPerm extractEntry hacks/auto_complete.js
99 silly gunzTarPerm extractEntry hacks/cmd_search.js
100 silly gunzTarPerm extractEntry hacks/color.js
101 silly gunzTarPerm extractEntry hacks/common.js
102 silly gunzTarPerm extractEntry hacks/count.js
103 silly gunzTarPerm extractEntry hacks/dbref.js
104 silly gunzTarPerm extractEntry hacks/find_and_modify.js
105 silly gunzTarPerm extractEntry hacks/helpers.js
106 silly gunzTarPerm extractEntry hacks/index_paranoia.js
107 silly gunzTarPerm extractEntry hacks/old_aggregation.js
108 silly gunzTarPerm extractEntry hacks/prompt.js
109 silly gunzTarPerm extractEntry hacks/ps.js
110 silly gunzTarPerm extractEntry hacks/randomise.js
111 silly gunzTarPerm extractEntry hacks/sh_status.js
112 silly gunzTarPerm extractEntry hacks/show.js
113 silly gunzTarPerm extractEntry hacks/uuid.js
114 silly gunzTarPerm extractEntry hacks/verbose.js
115 silly gentlyRm /usr/local/lib/node_modules/.staging/mongo-hacker-2e9869c3/node_modules is being purged
116 verbose gentlyRm don't care about contents; nuking /usr/local/lib/node_modules/.staging/mongo-hacker-2e9869c3/node_modules
117 silly doParallel preinstall 1
118 silly preinstall mongo-hacker@0.0.16 /usr/local/lib/node_modules/.staging/mongo-hacker-2e9869c3
119 info lifecycle mongo-hacker@0.0.16~preinstall: mongo-hacker@0.0.16
120 silly lifecycle mongo-hacker@0.0.16~preinstall: no script for preinstall, continuing
121 silly doReverseSerial remove 0
122 silly doSerial move 0
123 silly doSerial finalize 1
124 silly finalize /usr/local/lib/node_modules/mongo-hacker
125 silly doSerial build 1
126 silly build mongo-hacker@0.0.16
127 info linkStuff mongo-hacker@0.0.16
128 silly linkStuff mongo-hacker@0.0.16 has /usr/local/lib/node_modules as its parent node_modules
129 silly linkStuff mongo-hacker@0.0.16 is part of a global install
130 silly linkStuff mongo-hacker@0.0.16 is installed into a global node_modules
131 silly linkStuff mongo-hacker@0.0.16 is installed into the top-level global node_modules
132 verbose linkBins mongo-hacker@0.0.16
133 verbose linkMans mongo-hacker@0.0.16
134 silly doSerial global-link 0
135 silly doParallel update-linked 0
136 silly doSerial install 1
137 silly install mongo-hacker@0.0.16 /usr/local/lib/node_modules/.staging/mongo-hacker-2e9869c3
138 info lifecycle mongo-hacker@0.0.16~install: mongo-hacker@0.0.16
139 verbose lifecycle mongo-hacker@0.0.16~install: unsafe-perm in lifecycle false
140 verbose lifecycle mongo-hacker@0.0.16~install: PATH: /usr/share/npm/bin/node-gyp-bin:/usr/local/lib/node_modules/mongo-hacker/node_modules/.bin:/usr/local/lib/node_modules/.bin:/usr/local/sbin:/usr/local/bin:/usr/sbin:/usr/bin:/sbin:/bin:/snap/bin
141 verbose lifecycle mongo-hacker@0.0.16~install: CWD: /usr/local/lib/node_modules/mongo-hacker
142 silly lifecycle mongo-hacker@0.0.16~install: Args: [ '-c', 'make install' ]
143 silly lifecycle mongo-hacker@0.0.16~install: Returned: code: 2  signal: null
144 info lifecycle mongo-hacker@0.0.16~install: Failed to exec install script
145 verbose unlock done using /home/sparrow/.npm/_locks/staging-3a08f0df5026584d.lock for /usr/local/lib/node_modules/.staging
146 silly rollbackFailedOptional Starting
147 silly rollbackFailedOptional Finishing
148 silly runTopLevelLifecycles Starting
149 silly runTopLevelLifecycles Finishing
150 silly install printInstalled
151 verbose stack Error: mongo-hacker@0.0.16 install: `make install`
151 verbose stack Exit status 2
151 verbose stack     at EventEmitter.<anonymous> (/usr/share/npm/lib/utils/lifecycle.js:232:16)
151 verbose stack     at emitTwo (events.js:126:13)
151 verbose stack     at EventEmitter.emit (events.js:214:7)
151 verbose stack     at ChildProcess.<anonymous> (/usr/share/npm/lib/utils/spawn.js:24:14)
151 verbose stack     at emitTwo (events.js:126:13)
151 verbose stack     at ChildProcess.emit (events.js:214:7)
151 verbose stack     at maybeClose (internal/child_process.js:925:16)
151 verbose stack     at Process.ChildProcess._handle.onexit (internal/child_process.js:209:5)
152 verbose pkgid mongo-hacker@0.0.16
153 verbose cwd /home/sparrow/mystweb/weather_project_withPug
154 error Linux 5.0.0-23-generic
155 error argv "/usr/bin/node" "/usr/bin/npm" "install" "-g" "mongo-hacker"
156 error node v8.10.0
157 error npm  v3.5.2
158 error code ELIFECYCLE
159 error mongo-hacker@0.0.16 install: `make install`
159 error Exit status 2
160 error Failed at the mongo-hacker@0.0.16 install script 'make install'.
160 error Make sure you have the latest version of node.js and npm installed.
160 error If you do, this is most likely a problem with the mongo-hacker package,
160 error not with npm itself.
160 error Tell the author that this fails on your system:
160 error     make install
160 error You can get information on how to open an issue for this project with:
160 error     npm bugs mongo-hacker
160 error Or if that isn't available, you can get their info via:
160 error     npm owner ls mongo-hacker
160 error There is likely additional logging output above.
161 verbose exit [ 1, true ]
